<?xml version="1.0" encoding="UTF-8"?>
<coverage generated="1777994967088" clover="3.2.0">
  <project timestamp="1777994967088" name="All files">
    <metrics statements="34" coveredstatements="27" conditionals="53" coveredconditionals="35" methods="17" coveredmethods="11" elements="104" coveredelements="73" complexity="0" loc="34" ncloc="34" packages="1" files="3" classes="3"/>
    <file name="Navbar.tsx" path="/Users/nolangriffith/cooper-cookbook/cookbook-frontend/src/components/Navbar.tsx">
      <metrics statements="7" coveredstatements="5" conditionals="8" coveredconditionals="4" methods="2" coveredmethods="1"/>
      <line num="5" count="2" type="stmt"/>
      <line num="6" count="2" type="stmt"/>
      <line num="8" count="2" type="stmt"/>
      <line num="9" count="0" type="stmt"/>
      <line num="10" count="0" type="stmt"/>
      <line num="12" count="2" type="cond" truecount="2" falsecount="0"/>
      <line num="14" count="1" type="stmt"/>
    </file>
    <file name="RecipeCard.tsx" path="/Users/nolangriffith/cooper-cookbook/cookbook-frontend/src/components/RecipeCard.tsx">
      <metrics statements="5" coveredstatements="3" conditionals="30" coveredconditionals="18" methods="3" coveredmethods="1"/>
      <line num="13" count="2" type="stmt"/>
      <line num="14" count="2" type="stmt"/>
      <line num="16" count="2" type="stmt"/>
      <line num="25" count="0" type="stmt"/>
      <line num="83" count="0" type="stmt"/>
    </file>
    <file name="TagInput.tsx" path="/Users/nolangriffith/cooper-cookbook/cookbook-frontend/src/components/TagInput.tsx">
      <metrics statements="22" coveredstatements="19" conditionals="15" coveredconditionals="13" methods="12" coveredmethods="9"/>
      <line num="11" count="12" type="stmt"/>
      <line num="14" count="12" type="cond" truecount="2" falsecount="0"/>
      <line num="16" count="12" type="stmt"/>
      <line num="17" count="4" type="cond" truecount="2" falsecount="0"/>
      <line num="18" count="3" type="stmt"/>
      <line num="19" count="3" type="stmt"/>
      <line num="20" count="3" type="cond" truecount="1" falsecount="1"/>
      <line num="21" count="3" type="stmt"/>
      <line num="22" count="3" type="cond" truecount="2" falsecount="0"/>
      <line num="23" count="2" type="stmt"/>
      <line num="24" count="2" type="stmt"/>
      <line num="26" count="3" type="stmt"/>
      <line num="28" count="1" type="cond" truecount="4" falsecount="1"/>
      <line num="29" count="1" type="stmt"/>
      <line num="30" count="1" type="stmt"/>
      <line num="34" count="12" type="stmt"/>
      <line num="35" count="0" type="stmt"/>
      <line num="36" count="0" type="stmt"/>
      <line num="39" count="12" type="stmt"/>
      <line num="44" count="7" type="stmt"/>
      <line num="51" count="0" type="stmt"/>
      <line num="61" count="3" type="stmt"/>
    </file>
  </project>
</coverage>
