{"/Users/nolangriffith/cooper-cookbook/cookbook-frontend/src/api/types.ts": {"path":"/Users/nolangriffith/cooper-cookbook/cookbook-frontend/src/api/types.ts","statementMap":{},"fnMap":{},"branchMap":{},"s":{},"f":{},"b":{},"meta":{"lastBranch":0,"lastFunction":0,"lastStatement":0,"seen":{}}}
,"/Users/nolangriffith/cooper-cookbook/cookbook-frontend/src/components/Navbar.tsx": {"path":"/Users/nolangriffith/cooper-cookbook/cookbook-frontend/src/components/Navbar.tsx","statementMap":{"0":{"start":{"line":5,"column":49},"end":{"line":5,"column":69}},"1":{"start":{"line":6,"column":6},"end":{"line":6,"column":30}},"2":{"start":{"line":8,"column":6},"end":{"line":10,"column":null}},"3":{"start":{"line":9,"column":0},"end":{"line":9,"column":null}},"4":{"start":{"line":10,"column":0},"end":{"line":10,"column":null}},"5":{"start":{"line":13,"column":0},"end":{"line":13,"column":null}},"6":{"start":{"line":13,"column":17},"end":{"line":13,"column":null}},"7":{"start":{"line":15,"column":0},"end":{"line":63,"column":null}}},"fnMap":{"0":{"name":"Navbar","decl":{"start":{"line":4,"column":24},"end":{"line":4,"column":33}},"loc":{"start":{"line":4,"column":33},"end":{"line":63,"column":null}},"line":4},"1":{"name":"(anonymous_1)","decl":{"start":{"line":8,"column":6},"end":{"line":8,"column":27}},"loc":{"start":{"line":8,"column":27},"end":{"line":10,"column":null}},"line":8}},"branchMap":{"0":{"loc":{"start":{"line":13,"column":0},"end":{"line":13,"column":null}},"type":"if","locations":[{"start":{"line":13,"column":0},"end":{"line":13,"column":null}},{"start":{},"end":{}}],"line":13},"1":{"loc":{"start":{"line":27,"column":2},"end":{"line":63,"column":null}},"type":"cond-expr","locations":[{"start":{"line":28,"column":1},"end":{"line":59,"column":2}},{"start":{"line":59,"column":1},"end":{"line":63,"column":null}}],"line":27},"2":{"loc":{"start":{"line":38,"column":2},"end":{"line":46,"column":null}},"type":"cond-expr","locations":[{"start":{"line":39,"column":1},"end":{"line":41,"column":2}},{"start":{"line":41,"column":1},"end":{"line":46,"column":null}}],"line":38},"3":{"loc":{"start":{"line":39,"column":35},"end":{"line":39,"column":55}},"type":"binary-expr","locations":[{"start":{"line":39,"column":35},"end":{"line":39,"column":47}},{"start":{"line":39,"column":47},"end":{"line":39,"column":55}}],"line":39}},"s":{"0":2,"1":2,"2":2,"3":0,"4":0,"5":2,"6":1,"7":1},"f":{"0":2,"1":0},"b":{"0":[1,1],"1":[1,0],"2":[0,1],"3":[0,0]},"meta":{"lastBranch":4,"lastFunction":2,"lastStatement":8,"seen":{"f:4:24:4:33":0,"s:5:49:5:69":0,"s:6:6:6:30":1,"s:8:6:10:Infinity":2,"f:8:6:8:27":1,"s:9:0:9:Infinity":3,"s:10:0:10:Infinity":4,"b:13:0:13:Infinity:undefined:undefined:undefined:undefined":0,"s:13:0:13:Infinity":5,"s:13:17:13:Infinity":6,"s:15:0:63:Infinity":7,"b:28:1:59:2:59:1:63:Infinity":1,"b:39:1:41:2:41:1:46:Infinity":2,"b:39:35:39:47:39:47:39:55":3}}}
,"/Users/nolangriffith/cooper-cookbook/cookbook-frontend/src/components/RecipeCard.tsx": {"path":"/Users/nolangriffith/cooper-cookbook/cookbook-frontend/src/components/RecipeCard.tsx","statementMap":{"0":{"start":{"line":12,"column":1},"end":{"line":99,"column":null}}},"fnMap":{"0":{"name":"RecipeCard","decl":{"start":{"line":11,"column":24},"end":{"line":11,"column":35}},"loc":{"start":{"line":11,"column":83},"end":{"line":99,"column":null}},"line":11}},"branchMap":{"0":{"loc":{"start":{"line":15,"column":2},"end":{"line":27,"column":2}},"type":"cond-expr","locations":[{"start":{"line":16,"column":1},"end":{"line":21,"column":2}},{"start":{"line":21,"column":1},"end":{"line":27,"column":2}}],"line":15},"1":{"loc":{"start":{"line":28,"column":2},"end":{"line":28,"column":null}},"type":"binary-expr","locations":[{"start":{"line":28,"column":2},"end":{"line":28,"column":40}},{"start":{"line":28,"column":40},"end":{"line":28,"column":null}}],"line":28},"2":{"loc":{"start":{"line":45,"column":2},"end":{"line":80,"column":null}},"type":"cond-expr","locations":[{"start":{"line":46,"column":1},"end":{"line":64,"column":null}},{"start":{"line":65,"column":5},"end":{"line":80,"column":null}}],"line":45},"3":{"loc":{"start":{"line":54,"column":2},"end":{"line":60,"column":null}},"type":"cond-expr","locations":[{"start":{"line":55,"column":3},"end":{"line":59,"column":4}},{"start":{"line":59,"column":3},"end":{"line":60,"column":null}}],"line":54},"4":{"loc":{"start":{"line":65,"column":5},"end":{"line":80,"column":null}},"type":"binary-expr","locations":[{"start":{"line":65,"column":5},"end":{"line":65,"column":null}},{"start":{"line":66,"column":1},"end":{"line":80,"column":null}}],"line":65},"5":{"loc":{"start":{"line":68,"column":2},"end":{"line":73,"column":null}},"type":"cond-expr","locations":[{"start":{"line":69,"column":1},"end":{"line":71,"column":2}},{"start":{"line":71,"column":1},"end":{"line":73,"column":null}}],"line":68},"6":{"loc":{"start":{"line":85,"column":2},"end":{"line":85,"column":null}},"type":"binary-expr","locations":[{"start":{"line":85,"column":2},"end":{"line":85,"column":21}},{"start":{"line":85,"column":21},"end":{"line":85,"column":null}}],"line":85},"7":{"loc":{"start":{"line":85,"column":47},"end":{"line":85,"column":69}},"type":"binary-expr","locations":[{"start":{"line":85,"column":47},"end":{"line":85,"column":66}},{"start":{"line":85,"column":66},"end":{"line":85,"column":69}}],"line":85},"8":{"loc":{"start":{"line":90,"column":2},"end":{"line":97,"column":2}},"type":"binary-expr","locations":[{"start":{"line":90,"column":2},"end":{"line":90,"column":null}},{"start":{"line":91,"column":1},"end":{"line":97,"column":2}}],"line":90}},"s":{"0":2},"f":{"0":2},"b":{"0":[2,0],"1":[2,0],"2":[0,2],"3":[0,0],"4":[2,2],"5":[0,2],"6":[2,2],"7":[2,0],"8":[2,0]},"meta":{"lastBranch":9,"lastFunction":1,"lastStatement":1,"seen":{"f:11:24:11:35":0,"s:12:1:99:Infinity":0,"b:16:1:21:2:21:1:27:2":0,"b:28:2:28:40:28:40:28:Infinity":1,"b:46:1:64:Infinity:65:5:80:Infinity":2,"b:55:3:59:4:59:3:60:Infinity":3,"b:65:5:65:Infinity:66:1:80:Infinity":4,"b:69:1:71:2:71:1:73:Infinity":5,"b:85:2:85:21:85:21:85:Infinity":6,"b:85:47:85:66:85:66:85:69":7,"b:90:2:90:Infinity:91:1:97:2":8}}}
,"/Users/nolangriffith/cooper-cookbook/cookbook-frontend/src/components/TagInput.tsx": {"path":"/Users/nolangriffith/cooper-cookbook/cookbook-frontend/src/components/TagInput.tsx","statementMap":{"0":{"start":{"line":11,"column":21},"end":{"line":11,"column":50}},"1":{"start":{"line":14,"column":15},"end":{"line":14,"column":85}},"2":{"start":{"line":14,"column":49},"end":{"line":14,"column":57}},"3":{"start":{"line":14,"column":71},"end":{"line":14,"column":80}},"4":{"start":{"line":16,"column":8},"end":{"line":27,"column":null}},"5":{"start":{"line":17,"column":4},"end":{"line":27,"column":null}},"6":{"start":{"line":18,"column":6},"end":{"line":18,"column":null}},"7":{"start":{"line":19,"column":21},"end":{"line":19,"column":38}},"8":{"start":{"line":20,"column":6},"end":{"line":23,"column":null}},"9":{"start":{"line":21,"column":24},"end":{"line":21,"column":41}},"10":{"start":{"line":22,"column":8},"end":{"line":22,"column":null}},"11":{"start":{"line":23,"column":8},"end":{"line":23,"column":null}},"12":{"start":{"line":25,"column":15},"end":{"line":27,"column":null}},"13":{"start":{"line":26,"column":22},"end":{"line":26,"column":39}},"14":{"start":{"line":27,"column":6},"end":{"line":27,"column":null}},"15":{"start":{"line":31,"column":8},"end":{"line":33,"column":null}},"16":{"start":{"line":32,"column":20},"end":{"line":32,"column":55}},"17":{"start":{"line":32,"column":37},"end":{"line":32,"column":55}},"18":{"start":{"line":33,"column":4},"end":{"line":33,"column":null}},"19":{"start":{"line":36,"column":2},"end":{"line":64,"column":null}},"20":{"start":{"line":41,"column":10},"end":{"line":53,"column":null}},"21":{"start":{"line":48,"column":29},"end":{"line":48,"column":43}},"22":{"start":{"line":58,"column":27},"end":{"line":58,"column":56}}},"fnMap":{"0":{"name":"TagInput","decl":{"start":{"line":10,"column":24},"end":{"line":10,"column":33}},"loc":{"start":{"line":10,"column":89},"end":{"line":64,"column":null}},"line":10},"1":{"name":"(anonymous_1)","decl":{"start":{"line":14,"column":40},"end":{"line":14,"column":44}},"loc":{"start":{"line":14,"column":49},"end":{"line":14,"column":57}},"line":14},"2":{"name":"(anonymous_2)","decl":{"start":{"line":14,"column":59},"end":{"line":14,"column":66}},"loc":{"start":{"line":14,"column":71},"end":{"line":14,"column":80}},"line":14},"3":{"name":"(anonymous_3)","decl":{"start":{"line":16,"column":8},"end":{"line":16,"column":25}},"loc":{"start":{"line":16,"column":64},"end":{"line":27,"column":null}},"line":16},"4":{"name":"(anonymous_4)","decl":{"start":{"line":31,"column":8},"end":{"line":31,"column":21}},"loc":{"start":{"line":31,"column":45},"end":{"line":33,"column":null}},"line":31},"5":{"name":"(anonymous_5)","decl":{"start":{"line":32,"column":25},"end":{"line":32,"column":32}},"loc":{"start":{"line":32,"column":37},"end":{"line":32,"column":55}},"line":32},"6":{"name":"(anonymous_6)","decl":{"start":{"line":40,"column":14},"end":{"line":40,"column":19}},"loc":{"start":{"line":41,"column":10},"end":{"line":53,"column":null}},"line":41},"7":{"name":"(anonymous_7)","decl":{"start":{"line":48,"column":14},"end":{"line":48,"column":29}},"loc":{"start":{"line":48,"column":29},"end":{"line":48,"column":43}},"line":48},"8":{"name":"(anonymous_8)","decl":{"start":{"line":58,"column":10},"end":{"line":58,"column":21}},"loc":{"start":{"line":58,"column":27},"end":{"line":58,"column":56}},"line":58}},"branchMap":{"0":{"loc":{"start":{"line":14,"column":15},"end":{"line":14,"column":85}},"type":"cond-expr","locations":[{"start":{"line":14,"column":23},"end":{"line":14,"column":80}},{"start":{"line":14,"column":83},"end":{"line":14,"column":85}}],"line":14},"1":{"loc":{"start":{"line":17,"column":4},"end":{"line":27,"column":null}},"type":"if","locations":[{"start":{"line":17,"column":4},"end":{"line":27,"column":null}},{"start":{"line":25,"column":15},"end":{"line":27,"column":null}}],"line":17},"2":{"loc":{"start":{"line":20,"column":6},"end":{"line":23,"column":null}},"type":"if","locations":[{"start":{"line":20,"column":6},"end":{"line":23,"column":null}},{"start":{},"end":{}}],"line":20},"3":{"loc":{"start":{"line":20,"column":10},"end":{"line":20,"column":42}},"type":"binary-expr","locations":[{"start":{"line":20,"column":10},"end":{"line":20,"column":20}},{"start":{"line":20,"column":20},"end":{"line":20,"column":42}}],"line":20},"4":{"loc":{"start":{"line":25,"column":15},"end":{"line":27,"column":null}},"type":"if","locations":[{"start":{"line":25,"column":15},"end":{"line":27,"column":null}},{"start":{},"end":{}}],"line":25},"5":{"loc":{"start":{"line":25,"column":15},"end":{"line":25,"column":72}},"type":"binary-expr","locations":[{"start":{"line":25,"column":15},"end":{"line":25,"column":40}},{"start":{"line":25,"column":40},"end":{"line":25,"column":55}},{"start":{"line":25,"column":55},"end":{"line":25,"column":72}}],"line":25},"6":{"loc":{"start":{"line":60,"column":23},"end":{"line":60,"column":null}},"type":"cond-expr","locations":[{"start":{"line":60,"column":43},"end":{"line":60,"column":57}},{"start":{"line":60,"column":57},"end":{"line":60,"column":null}}],"line":60}},"s":{"0":11,"1":11,"2":6,"3":6,"4":11,"5":4,"6":3,"7":3,"8":3,"9":2,"10":2,"11":2,"12":1,"13":1,"14":1,"15":11,"16":0,"17":0,"18":0,"19":11,"20":6,"21":0,"22":3},"f":{"0":11,"1":6,"2":6,"3":4,"4":0,"5":0,"6":6,"7":0,"8":3},"b":{"0":[4,7],"1":[3,1],"2":[2,1],"3":[3,3],"4":[1,0],"5":[1,1,1],"6":[7,4]},"meta":{"lastBranch":7,"lastFunction":9,"lastStatement":23,"seen":{"f:10:24:10:33":0,"s:11:21:11:50":0,"s:14:15:14:85":1,"b:14:23:14:80:14:83:14:85":0,"f:14:40:14:44":1,"s:14:49:14:57":2,"f:14:59:14:66":2,"s:14:71:14:80":3,"s:16:8:27:Infinity":4,"f:16:8:16:25":3,"b:17:4:27:Infinity:25:15:27:Infinity":1,"s:17:4:27:Infinity":5,"s:18:6:18:Infinity":6,"s:19:21:19:38":7,"b:20:6:23:Infinity:undefined:undefined:undefined:undefined":2,"s:20:6:23:Infinity":8,"b:20:10:20:20:20:20:20:42":3,"s:21:24:21:41":9,"s:22:8:22:Infinity":10,"s:23:8:23:Infinity":11,"b:25:15:27:Infinity:undefined:undefined:undefined:undefined":4,"s:25:15:27:Infinity":12,"b:25:15:25:40:25:40:25:55:25:55:25:72":5,"s:26:22:26:39":13,"s:27:6:27:Infinity":14,"s:31:8:33:Infinity":15,"f:31:8:31:21":4,"s:32:20:32:55":16,"f:32:25:32:32":5,"s:32:37:32:55":17,"s:33:4:33:Infinity":18,"s:36:2:64:Infinity":19,"f:40:14:40:19":6,"s:41:10:53:Infinity":20,"f:48:14:48:29":7,"s:48:29:48:43":21,"f:58:10:58:21":8,"s:58:27:58:56":22,"b:60:43:60:57:60:57:60:Infinity":6}}}
}
