{"/Users/nolangriffith/cooper-cookbook/cookbook-frontend/src/components/Navbar.tsx": {"path":"/Users/nolangriffith/cooper-cookbook/cookbook-frontend/src/components/Navbar.tsx","statementMap":{"0":{"start":{"line":5,"column":49},"end":{"line":5,"column":69}},"1":{"start":{"line":6,"column":6},"end":{"line":6,"column":30}},"2":{"start":{"line":8,"column":6},"end":{"line":10,"column":null}},"3":{"start":{"line":9,"column":0},"end":{"line":9,"column":null}},"4":{"start":{"line":10,"column":0},"end":{"line":10,"column":null}},"5":{"start":{"line":12,"column":0},"end":{"line":12,"column":null}},"6":{"start":{"line":12,"column":17},"end":{"line":12,"column":null}},"7":{"start":{"line":14,"column":0},"end":{"line":62,"column":null}}},"fnMap":{"0":{"name":"Navbar","decl":{"start":{"line":4,"column":24},"end":{"line":4,"column":33}},"loc":{"start":{"line":4,"column":33},"end":{"line":62,"column":null}},"line":4},"1":{"name":"(anonymous_1)","decl":{"start":{"line":8,"column":6},"end":{"line":8,"column":27}},"loc":{"start":{"line":8,"column":27},"end":{"line":10,"column":null}},"line":8}},"branchMap":{"0":{"loc":{"start":{"line":12,"column":0},"end":{"line":12,"column":null}},"type":"if","locations":[{"start":{"line":12,"column":0},"end":{"line":12,"column":null}},{"start":{},"end":{}}],"line":12},"1":{"loc":{"start":{"line":26,"column":2},"end":{"line":62,"column":null}},"type":"cond-expr","locations":[{"start":{"line":27,"column":1},"end":{"line":58,"column":2}},{"start":{"line":58,"column":1},"end":{"line":62,"column":null}}],"line":26},"2":{"loc":{"start":{"line":37,"column":2},"end":{"line":45,"column":null}},"type":"cond-expr","locations":[{"start":{"line":38,"column":1},"end":{"line":40,"column":2}},{"start":{"line":40,"column":1},"end":{"line":45,"column":null}}],"line":37},"3":{"loc":{"start":{"line":38,"column":35},"end":{"line":38,"column":55}},"type":"binary-expr","locations":[{"start":{"line":38,"column":35},"end":{"line":38,"column":47}},{"start":{"line":38,"column":47},"end":{"line":38,"column":55}}],"line":38}},"s":{"0":2,"1":2,"2":2,"3":0,"4":0,"5":2,"6":1,"7":1},"f":{"0":2,"1":0},"b":{"0":[1,1],"1":[1,0],"2":[0,1],"3":[0,0]},"meta":{"lastBranch":4,"lastFunction":2,"lastStatement":8,"seen":{"f:4:24:4:33":0,"s:5:49:5:69":0,"s:6:6:6:30":1,"s:8:6:10:Infinity":2,"f:8:6:8:27":1,"s:9:0:9:Infinity":3,"s:10:0:10:Infinity":4,"b:12:0:12:Infinity:undefined:undefined:undefined:undefined":0,"s:12:0:12:Infinity":5,"s:12:17:12:Infinity":6,"s:14:0:62:Infinity":7,"b:27:1:58:2:58:1:62:Infinity":1,"b:38:1:40:2:40:1:45:Infinity":2,"b:38:35:38:47:38:47:38:55":3}}}
,"/Users/nolangriffith/cooper-cookbook/cookbook-frontend/src/components/RecipeCard.tsx": {"path":"/Users/nolangriffith/cooper-cookbook/cookbook-frontend/src/components/RecipeCard.tsx","statementMap":{"0":{"start":{"line":12,"column":1},"end":{"line":104,"column":null}}},"fnMap":{"0":{"name":"RecipeCard","decl":{"start":{"line":11,"column":24},"end":{"line":11,"column":35}},"loc":{"start":{"line":11,"column":83},"end":{"line":104,"column":null}},"line":11}},"branchMap":{"0":{"loc":{"start":{"line":15,"column":2},"end":{"line":28,"column":9}},"type":"cond-expr","locations":[{"start":{"line":16,"column":1},"end":{"line":21,"column":2}},{"start":{"line":21,"column":1},"end":{"line":28,"column":9}}],"line":15},"1":{"loc":{"start":{"line":28,"column":2},"end":{"line":31,"column":null}},"type":"binary-expr","locations":[{"start":{"line":28,"column":2},"end":{"line":28,"column":null}},{"start":{"line":29,"column":1},"end":{"line":31,"column":null}}],"line":28},"2":{"loc":{"start":{"line":42,"column":2},"end":{"line":42,"column":null}},"type":"binary-expr","locations":[{"start":{"line":42,"column":2},"end":{"line":42,"column":24}},{"start":{"line":42,"column":24},"end":{"line":42,"column":null}}],"line":42},"3":{"loc":{"start":{"line":48,"column":2},"end":{"line":83,"column":null}},"type":"cond-expr","locations":[{"start":{"line":49,"column":1},"end":{"line":67,"column":null}},{"start":{"line":68,"column":5},"end":{"line":83,"column":null}}],"line":48},"4":{"loc":{"start":{"line":57,"column":2},"end":{"line":63,"column":null}},"type":"cond-expr","locations":[{"start":{"line":58,"column":3},"end":{"line":62,"column":4}},{"start":{"line":62,"column":3},"end":{"line":63,"column":null}}],"line":57},"5":{"loc":{"start":{"line":68,"column":5},"end":{"line":83,"column":null}},"type":"binary-expr","locations":[{"start":{"line":68,"column":5},"end":{"line":68,"column":null}},{"start":{"line":69,"column":1},"end":{"line":83,"column":null}}],"line":68},"6":{"loc":{"start":{"line":71,"column":2},"end":{"line":76,"column":null}},"type":"cond-expr","locations":[{"start":{"line":72,"column":1},"end":{"line":74,"column":2}},{"start":{"line":74,"column":1},"end":{"line":76,"column":null}}],"line":71},"7":{"loc":{"start":{"line":88,"column":4},"end":{"line":89,"column":null}},"type":"binary-expr","locations":[{"start":{"line":88,"column":4},"end":{"line":88,"column":null}},{"start":{"line":89,"column":3},"end":{"line":89,"column":null}}],"line":88},"8":{"loc":{"start":{"line":88,"column":4},"end":{"line":88,"column":29}},"type":"binary-expr","locations":[{"start":{"line":88,"column":4},"end":{"line":88,"column":23}},{"start":{"line":88,"column":23},"end":{"line":88,"column":29}}],"line":88},"9":{"loc":{"start":{"line":88,"column":29},"end":{"line":88,"column":54}},"type":"binary-expr","locations":[{"start":{"line":88,"column":29},"end":{"line":88,"column":48}},{"start":{"line":88,"column":48},"end":{"line":88,"column":54}}],"line":88},"10":{"loc":{"start":{"line":89,"column":11},"end":{"line":89,"column":36}},"type":"binary-expr","locations":[{"start":{"line":89,"column":11},"end":{"line":89,"column":30}},{"start":{"line":89,"column":30},"end":{"line":89,"column":36}}],"line":89},"11":{"loc":{"start":{"line":89,"column":36},"end":{"line":89,"column":58}},"type":"binary-expr","locations":[{"start":{"line":89,"column":36},"end":{"line":89,"column":55}},{"start":{"line":89,"column":55},"end":{"line":89,"column":58}}],"line":89},"12":{"loc":{"start":{"line":95,"column":2},"end":{"line":102,"column":2}},"type":"binary-expr","locations":[{"start":{"line":95,"column":2},"end":{"line":95,"column":null}},{"start":{"line":96,"column":1},"end":{"line":102,"column":2}}],"line":95}},"s":{"0":2},"f":{"0":2},"b":{"0":[2,0],"1":[2,2],"2":[2,0],"3":[0,2],"4":[0,0],"5":[2,2],"6":[0,2],"7":[2,2],"8":[2,0],"9":[2,0],"10":[2,0],"11":[2,0],"12":[2,0]},"meta":{"lastBranch":13,"lastFunction":1,"lastStatement":1,"seen":{"f:11:24:11:35":0,"s:12:1:104:Infinity":0,"b:16:1:21:2:21:1:28:9":0,"b:28:2:28:Infinity:29:1:31:Infinity":1,"b:42:2:42:24:42:24:42:Infinity":2,"b:49:1:67:Infinity:68:5:83:Infinity":3,"b:58:3:62:4:62:3:63:Infinity":4,"b:68:5:68:Infinity:69:1:83:Infinity":5,"b:72:1:74:2:74:1:76:Infinity":6,"b:88:4:88:Infinity:89:3:89:Infinity":7,"b:88:4:88:23:88:23:88:29":8,"b:88:29:88:48:88:48:88:54":9,"b:89:11:89:30:89:30:89:36":10,"b:89:36:89:55:89:55:89:58":11,"b:95:2:95:Infinity:96:1:102:2":12}}}
,"/Users/nolangriffith/cooper-cookbook/cookbook-frontend/src/components/TagInput.tsx": {"path":"/Users/nolangriffith/cooper-cookbook/cookbook-frontend/src/components/TagInput.tsx","statementMap":{"0":{"start":{"line":11,"column":21},"end":{"line":11,"column":50}},"1":{"start":{"line":14,"column":15},"end":{"line":14,"column":85}},"2":{"start":{"line":14,"column":49},"end":{"line":14,"column":57}},"3":{"start":{"line":14,"column":71},"end":{"line":14,"column":80}},"4":{"start":{"line":16,"column":8},"end":{"line":30,"column":null}},"5":{"start":{"line":17,"column":4},"end":{"line":30,"column":null}},"6":{"start":{"line":18,"column":6},"end":{"line":18,"column":null}},"7":{"start":{"line":19,"column":27},"end":{"line":19,"column":89}},"8":{"start":{"line":19,"column":58},"end":{"line":19,"column":66}},"9":{"start":{"line":19,"column":80},"end":{"line":19,"column":89}},"10":{"start":{"line":20,"column":6},"end":{"line":26,"column":null}},"11":{"start":{"line":21,"column":30},"end":{"line":21,"column":73}},"12":{"start":{"line":21,"column":55},"end":{"line":21,"column":72}},"13":{"start":{"line":22,"column":8},"end":{"line":24,"column":null}},"14":{"start":{"line":23,"column":31},"end":{"line":23,"column":72}},"15":{"start":{"line":24,"column":10},"end":{"line":24,"column":null}},"16":{"start":{"line":26,"column":8},"end":{"line":26,"column":null}},"17":{"start":{"line":28,"column":15},"end":{"line":30,"column":null}},"18":{"start":{"line":29,"column":22},"end":{"line":29,"column":39}},"19":{"start":{"line":30,"column":6},"end":{"line":30,"column":null}},"20":{"start":{"line":34,"column":8},"end":{"line":36,"column":null}},"21":{"start":{"line":35,"column":20},"end":{"line":35,"column":55}},"22":{"start":{"line":35,"column":37},"end":{"line":35,"column":55}},"23":{"start":{"line":36,"column":4},"end":{"line":36,"column":null}},"24":{"start":{"line":39,"column":2},"end":{"line":67,"column":null}},"25":{"start":{"line":44,"column":10},"end":{"line":56,"column":null}},"26":{"start":{"line":51,"column":29},"end":{"line":51,"column":43}},"27":{"start":{"line":61,"column":27},"end":{"line":61,"column":56}}},"fnMap":{"0":{"name":"TagInput","decl":{"start":{"line":10,"column":24},"end":{"line":10,"column":33}},"loc":{"start":{"line":10,"column":89},"end":{"line":67,"column":null}},"line":10},"1":{"name":"(anonymous_1)","decl":{"start":{"line":14,"column":40},"end":{"line":14,"column":44}},"loc":{"start":{"line":14,"column":49},"end":{"line":14,"column":57}},"line":14},"2":{"name":"(anonymous_2)","decl":{"start":{"line":14,"column":59},"end":{"line":14,"column":66}},"loc":{"start":{"line":14,"column":71},"end":{"line":14,"column":80}},"line":14},"3":{"name":"(anonymous_3)","decl":{"start":{"line":16,"column":8},"end":{"line":16,"column":25}},"loc":{"start":{"line":16,"column":64},"end":{"line":30,"column":null}},"line":16},"4":{"name":"(anonymous_4)","decl":{"start":{"line":19,"column":49},"end":{"line":19,"column":53}},"loc":{"start":{"line":19,"column":58},"end":{"line":19,"column":66}},"line":19},"5":{"name":"(anonymous_5)","decl":{"start":{"line":19,"column":68},"end":{"line":19,"column":75}},"loc":{"start":{"line":19,"column":80},"end":{"line":19,"column":89}},"line":19},"6":{"name":"(anonymous_6)","decl":{"start":{"line":21,"column":43},"end":{"line":21,"column":50}},"loc":{"start":{"line":21,"column":55},"end":{"line":21,"column":72}},"line":21},"7":{"name":"(anonymous_7)","decl":{"start":{"line":34,"column":8},"end":{"line":34,"column":21}},"loc":{"start":{"line":34,"column":45},"end":{"line":36,"column":null}},"line":34},"8":{"name":"(anonymous_8)","decl":{"start":{"line":35,"column":25},"end":{"line":35,"column":32}},"loc":{"start":{"line":35,"column":37},"end":{"line":35,"column":55}},"line":35},"9":{"name":"(anonymous_9)","decl":{"start":{"line":43,"column":14},"end":{"line":43,"column":19}},"loc":{"start":{"line":44,"column":10},"end":{"line":56,"column":null}},"line":44},"10":{"name":"(anonymous_10)","decl":{"start":{"line":51,"column":14},"end":{"line":51,"column":29}},"loc":{"start":{"line":51,"column":29},"end":{"line":51,"column":43}},"line":51},"11":{"name":"(anonymous_11)","decl":{"start":{"line":61,"column":10},"end":{"line":61,"column":21}},"loc":{"start":{"line":61,"column":27},"end":{"line":61,"column":56}},"line":61}},"branchMap":{"0":{"loc":{"start":{"line":14,"column":15},"end":{"line":14,"column":85}},"type":"cond-expr","locations":[{"start":{"line":14,"column":23},"end":{"line":14,"column":80}},{"start":{"line":14,"column":83},"end":{"line":14,"column":85}}],"line":14},"1":{"loc":{"start":{"line":17,"column":4},"end":{"line":30,"column":null}},"type":"if","locations":[{"start":{"line":17,"column":4},"end":{"line":30,"column":null}},{"start":{"line":28,"column":15},"end":{"line":30,"column":null}}],"line":17},"2":{"loc":{"start":{"line":20,"column":6},"end":{"line":26,"column":null}},"type":"if","locations":[{"start":{"line":20,"column":6},"end":{"line":26,"column":null}},{"start":{},"end":{}}],"line":20},"3":{"loc":{"start":{"line":22,"column":8},"end":{"line":24,"column":null}},"type":"if","locations":[{"start":{"line":22,"column":8},"end":{"line":24,"column":null}},{"start":{},"end":{}}],"line":22},"4":{"loc":{"start":{"line":28,"column":15},"end":{"line":30,"column":null}},"type":"if","locations":[{"start":{"line":28,"column":15},"end":{"line":30,"column":null}},{"start":{},"end":{}}],"line":28},"5":{"loc":{"start":{"line":28,"column":15},"end":{"line":28,"column":72}},"type":"binary-expr","locations":[{"start":{"line":28,"column":15},"end":{"line":28,"column":40}},{"start":{"line":28,"column":40},"end":{"line":28,"column":55}},{"start":{"line":28,"column":55},"end":{"line":28,"column":72}}],"line":28},"6":{"loc":{"start":{"line":63,"column":23},"end":{"line":63,"column":null}},"type":"cond-expr","locations":[{"start":{"line":63,"column":43},"end":{"line":63,"column":57}},{"start":{"line":63,"column":57},"end":{"line":63,"column":null}}],"line":63}},"s":{"0":12,"1":12,"2":7,"3":7,"4":12,"5":4,"6":3,"7":3,"8":3,"9":3,"10":3,"11":3,"12":3,"13":3,"14":2,"15":2,"16":3,"17":1,"18":1,"19":1,"20":12,"21":0,"22":0,"23":0,"24":12,"25":7,"26":0,"27":3},"f":{"0":12,"1":7,"2":7,"3":4,"4":3,"5":3,"6":3,"7":0,"8":0,"9":7,"10":0,"11":3},"b":{"0":[5,7],"1":[3,1],"2":[3,0],"3":[2,1],"4":[1,0],"5":[1,1,1],"6":[7,5]},"meta":{"lastBranch":7,"lastFunction":12,"lastStatement":28,"seen":{"f:10:24:10:33":0,"s:11:21:11:50":0,"s:14:15:14:85":1,"b:14:23:14:80:14:83:14:85":0,"f:14:40:14:44":1,"s:14:49:14:57":2,"f:14:59:14:66":2,"s:14:71:14:80":3,"s:16:8:30:Infinity":4,"f:16:8:16:25":3,"b:17:4:30:Infinity:28:15:30:Infinity":1,"s:17:4:30:Infinity":5,"s:18:6:18:Infinity":6,"s:19:27:19:89":7,"f:19:49:19:53":4,"s:19:58:19:66":8,"f:19:68:19:75":5,"s:19:80:19:89":9,"b:20:6:26:Infinity:undefined:undefined:undefined:undefined":2,"s:20:6:26:Infinity":10,"s:21:30:21:73":11,"f:21:43:21:50":6,"s:21:55:21:72":12,"b:22:8:24:Infinity:undefined:undefined:undefined:undefined":3,"s:22:8:24:Infinity":13,"s:23:31:23:72":14,"s:24:10:24:Infinity":15,"s:26:8:26:Infinity":16,"b:28:15:30:Infinity:undefined:undefined:undefined:undefined":4,"s:28:15:30:Infinity":17,"b:28:15:28:40:28:40:28:55:28:55:28:72":5,"s:29:22:29:39":18,"s:30:6:30:Infinity":19,"s:34:8:36:Infinity":20,"f:34:8:34:21":7,"s:35:20:35:55":21,"f:35:25:35:32":8,"s:35:37:35:55":22,"s:36:4:36:Infinity":23,"s:39:2:67:Infinity":24,"f:43:14:43:19":9,"s:44:10:56:Infinity":25,"f:51:14:51:29":10,"s:51:29:51:43":26,"f:61:10:61:21":11,"s:61:27:61:56":27,"b:63:43:63:57:63:57:63:Infinity":6}}}
}
